<?xml version="1.0" encoding="UTF-8"?>
<testng-results ignored="0" total="1" passed="1" failed="0" skipped="0">
  <reporter-output>
  </reporter-output>
  <suite started-at="2022-04-24T00:07:14 IST" name="Default suite" finished-at="2022-04-24T00:07:14 IST" duration-ms="38">
    <groups>
    </groups>
    <test started-at="2022-04-24T00:07:14 IST" name="Default test" finished-at="2022-04-24T00:07:14 IST" duration-ms="38">
      <class name="com.interview.examples.StudentCount">
        <test-method signature="find_student_count()[pri:0, instance:com.interview.examples.StudentCount@dd0c991]" started-at="2022-04-24T00:07:14 IST" name="find_student_count" finished-at="2022-04-24T00:07:14 IST" duration-ms="8" status="PASS">
          <reporter-output>
          </reporter-output>
        </test-method> <!-- find_student_count -->
      </class> <!-- com.interview.examples.StudentCount -->
    </test> <!-- Default test -->
  </suite> <!-- Default suite -->
</testng-results>
