<?xml version="1.0" encoding="UTF-8"?>
<testng-results ignored="0" total="1" passed="1" failed="0" skipped="0">
  <reporter-output>
  </reporter-output>
  <suite started-at="2022-07-07T17:27:22 IST" name="Default suite" finished-at="2022-07-07T17:28:20 IST" duration-ms="58499">
    <groups>
    </groups>
    <test started-at="2022-07-07T17:27:22 IST" name="Default test" finished-at="2022-07-07T17:28:20 IST" duration-ms="58499">
      <class name="com.highlevel.test.HighLevel_CalendarTest">
        <test-method signature="calendarTest()[pri:0, instance:com.highlevel.test.HighLevel_CalendarTest@1e04fa0a]" started-at="2022-07-07T17:27:22 IST" name="calendarTest" description="To verify the appointment schedule date time when user booked appointment from different timzone" finished-at="2022-07-07T17:28:19 IST" duration-ms="57157" status="PASS">
          <reporter-output>
          </reporter-output>
        </test-method> <!-- calendarTest -->
        <test-method is-config="true" signature="close_browser()[pri:0, instance:com.highlevel.test.HighLevel_CalendarTest@1e04fa0a]" started-at="2022-07-07T17:28:19 IST" name="close_browser" finished-at="2022-07-07T17:28:20 IST" duration-ms="1304" status="PASS">
          <reporter-output>
          </reporter-output>
        </test-method> <!-- close_browser -->
      </class> <!-- com.highlevel.test.HighLevel_CalendarTest -->
    </test> <!-- Default test -->
  </suite> <!-- Default suite -->
</testng-results>
