<?xml version="1.0" encoding="UTF-8"?>
<testng-results ignored="0" total="3" passed="3" failed="0" skipped="0">
  <reporter-output>
  </reporter-output>
  <suite started-at="2022-04-23T12:09:46 IST" name="Default suite" finished-at="2022-04-23T12:09:46 IST" duration-ms="45">
    <groups>
    </groups>
    <test started-at="2022-04-23T12:09:46 IST" name="Default test" finished-at="2022-04-23T12:09:46 IST" duration-ms="45">
      <class name="com.selenium.practise1.GreenCartTest">
        <test-method signature="test3()[pri:-10, instance:com.selenium.practise1.GreenCartTest@5136d012]" started-at="2022-04-23T12:09:46 IST" name="test3" finished-at="2022-04-23T12:09:46 IST" duration-ms="8" status="PASS">
          <reporter-output>
          </reporter-output>
        </test-method> <!-- test3 -->
        <test-method signature="test1()[pri:-3, instance:com.selenium.practise1.GreenCartTest@5136d012]" started-at="2022-04-23T12:09:46 IST" name="test1" finished-at="2022-04-23T12:09:46 IST" duration-ms="1" status="PASS">
          <reporter-output>
          </reporter-output>
        </test-method> <!-- test1 -->
        <test-method signature="test2()[pri:-1, instance:com.selenium.practise1.GreenCartTest@5136d012]" started-at="2022-04-23T12:09:46 IST" name="test2" finished-at="2022-04-23T12:09:46 IST" duration-ms="1" status="PASS">
          <reporter-output>
          </reporter-output>
        </test-method> <!-- test2 -->
      </class> <!-- com.selenium.practise1.GreenCartTest -->
    </test> <!-- Default test -->
  </suite> <!-- Default suite -->
</testng-results>
