<?xml version="1.0" encoding="UTF-8"?>
<!-- Generated by org.testng.reporters.JUnitXMLReporter -->
<testsuite ignored="0" hostname="FWS-CHE-LT-2917.local" failures="0" tests="3" name="Default test" time="0.045" errors="0" timestamp="2022-04-23T12:09:46 IST">
  <testcase classname="com.selenium.practise1.GreenCartTest" name="test3" time="0.008"/>
  <testcase classname="com.selenium.practise1.GreenCartTest" name="test1" time="0.001"/>
  <testcase classname="com.selenium.practise1.GreenCartTest" name="test2" time="0.001"/>
</testsuite> <!-- Default test -->
